  Parsing headers for CoinCollectorEditor
    Running UnrealHeaderTool "E:\Fernando\UnrealCPP\CoinCollectorStarter\CoinCollector.uproject" "E:\Fernando\UnrealCPP\CoinCollectorStarter\Intermediate\Build\Win64\CoinCollectorEditor\Development\CoinCollectorEditor.uhtmanifest" -LogCmds="loginit warning, logexit warning, logdatabase error" -Unattended -WarningsAsErrors -abslog="C:\Users\Fernando\AppData\Local\UnrealBuildTool\Log_UHT.txt" -installed
  Reflection code generated for CoinCollectorEditor in 4,9389487 seconds
  Building CoinCollectorEditor...
  Using Visual Studio 2017 14.16.27034 toolchain (C:\Program Files (x86)\Microsoft Visual Studio\2017\Community\VC\Tools\MSVC\14.16.27023) and Windows 10.0.16299.0 SDK (C:\Program Files (x86)\Windows Kits\10).
  [Upgrade]
  [Upgrade] Using backward-compatible build settings. The latest version of UE4 sets the following values by default, which may require code changes:
  [Upgrade]     bLegacyPublicIncludePaths = false                 => Omits subfolders from public include paths to reduce compiler command line length. (Previously: true).
  [Upgrade]     ShadowVariableWarningLevel = WarningLevel.Error   => Treats shadowed variable warnings as errors. (Previously: WarningLevel.Warning).
  [Upgrade]     PCHUsage = PCHUsageMode.UseExplicitOrSharedPCHs   => Set in build.cs files to enables IWYU-style PCH model. See https://docs.unrealengine.com/en-US/Programming/BuildTools/UnrealBuildTool/IWYU/index.html. (Previously: PCHUsageMode.UseSharedPCHs).
  [Upgrade] Suppress this message by setting 'DefaultBuildSettings = BuildSettingsVersion.V2;' in CoinCollectorEditor.Target.cs, and explicitly overriding settings that differ from the new defaults.
  [Upgrade]
  Building 6 actions with 12 processes...
    [1/6] BaseCoin.cpp
cl : Linha de comando error D8049: não é possível executar 'C:\Program Files (x86)\Microsoft Visual Studio\2017\Community\VC\Tools\MSVC\14.16.27023\bin\HostX64\x64\c1xx.dll': a linha de comando é longa demais para ser inserida no registro de depuração
    [2/6] BaseCoin.gen.cpp
cl : Linha de comando error D8049: não é possível executar 'C:\Program Files (x86)\Microsoft Visual Studio\2017\Community\VC\Tools\MSVC\14.16.27023\bin\HostX64\x64\c1xx.dll': a linha de comando é longa demais para ser inserida no registro de depuração
    [3/6] CoinCollector.init.gen.cpp
cl : Linha de comando error D8049: não é possível executar 'C:\Program Files (x86)\Microsoft Visual Studio\2017\Community\VC\Tools\MSVC\14.16.27023\bin\HostX64\x64\c1xx.dll': a linha de comando é longa demais para ser inserida no registro de depuração
C:\Program Files (x86)\Microsoft Visual Studio\2017\Community\Common7\IDE\VC\VCTargets\Microsoft.MakeFile.Targets(44,5): error MSB3073: O comando ""D:\Program Files\EpicGames\UE_4.25\Engine\Build\BatchFiles\Build.bat" CoinCollectorEditor Win64 Development -Project="E:\Fernando\UnrealCPP\CoinCollectorStarter\CoinCollector.uproject" -WaitMutex -FromMsBuild" foi encerrado com o código 6.
